*** Starting uWSGI 2.0.15 (64bit) on [Thu Nov 30 22:12:42 2017] ***
compiled with version: 4.4.7 20120313 (Red Hat 4.4.7-18) on 30 November 2017 22:06:18
os: Linux-2.6.32-573.el6.x86_64 #1 SMP Thu Jul 23 15:44:03 UTC 2015
nodename: VM_0_12_centos
machine: x86_64
clock source: unix
pcre jit disabled
detected number of CPU cores: 1
current working directory: /root/tjbaoan
detected binary path: /usr/local/bin/uwsgi
uWSGI running as root, you can use --uid/--gid/--chroot options
*** WARNING: you are running uWSGI as root !!! (use the --uid flag) *** 
chdir() to /root/tjbaoan
*** WARNING: you are running uWSGI without its master process manager ***
your processes number limit is 3871
your memory page size is 4096 bytes
detected max file descriptor number: 100001
lock engine: pthread robust mutexes
thunder lock: disabled (you can enable it with --thunder-lock)
uwsgi socket 0 bound to TCP address 127.0.0.1:8000 fd 3
Python version: 3.6.3 (default, Nov 28 2017, 15:05:01)  [GCC 4.4.7 20120313 (Red Hat 4.4.7-18)]
*** Python threads support is disabled. You can enable it with --enable-threads ***
Python main interpreter initialized at 0x1d56030
your server socket listen backlog is limited to 100 connections
your mercy for graceful operations on workers is 60 seconds
mapped 291072 bytes (284 KB) for 4 cores
*** Operational MODE: preforking ***
WSGI app 0 (mountpoint='') ready in 1 seconds on interpreter 0x1d56030 pid: 5986 (default app)
*** uWSGI is running in multiple interpreter mode ***
spawned uWSGI worker 1 (pid: 5986, cores: 1)
spawned uWSGI worker 2 (pid: 5988, cores: 1)
spawned uWSGI worker 3 (pid: 5989, cores: 1)
spawned uWSGI worker 4 (pid: 5990, cores: 1)
[pid: 5988|app: 0|req: 1/1] 118.28.63.199 () {42 vars in 710 bytes} [Thu Nov 30 14:18:37 2017] GET /index/ => generated 9486 bytes in 32 msecs (HTTP/1.1 200) 3 headers in 110 bytes (1 switches on core 0)
Not Found: /favicon.ico
[pid: 5988|app: 0|req: 2/2] 118.28.63.199 () {38 vars in 654 bytes} [Thu Nov 30 14:18:38 2017] GET /favicon.ico => generated 2182 bytes in 6 msecs (HTTP/1.1 404) 3 headers in 102 bytes (1 switches on core 0)
[pid: 5988|app: 0|req: 3/3] 118.28.63.199 () {42 vars in 710 bytes} [Thu Nov 30 14:21:58 2017] GET /index/ => generated 9486 bytes in 7 msecs (HTTP/1.1 200) 3 headers in 110 bytes (1 switches on core 0)
[pid: 5988|app: 0|req: 4/4] 118.28.63.199 () {42 vars in 727 bytes} [Thu Nov 30 14:24:34 2017] GET /joinus => generated 15558 bytes in 10 msecs (HTTP/1.1 200) 3 headers in 111 bytes (1 switches on core 0)
[pid: 5988|app: 0|req: 5/5] 118.28.63.199 () {42 vars in 727 bytes} [Thu Nov 30 14:24:37 2017] GET /index/ => generated 9486 bytes in 8 msecs (HTTP/1.1 200) 3 headers in 110 bytes (1 switches on core 0)
[pid: 5988|app: 0|req: 6/6] 118.28.63.199 () {42 vars in 727 bytes} [Thu Nov 30 14:24:40 2017] GET /joinus => generated 15558 bytes in 4 msecs (HTTP/1.1 200) 3 headers in 111 bytes (1 switches on core 0)
[pid: 5988|app: 0|req: 7/7] 118.28.63.199 () {42 vars in 727 bytes} [Thu Nov 30 14:24:43 2017] GET /index/ => generated 9486 bytes in 8 msecs (HTTP/1.1 200) 3 headers in 110 bytes (1 switches on core 0)
*** Starting uWSGI 2.0.15 (64bit) on [Thu Nov 30 23:43:29 2017] ***
compiled with version: 4.4.7 20120313 (Red Hat 4.4.7-18) on 30 November 2017 22:06:18
os: Linux-2.6.32-573.el6.x86_64 #1 SMP Thu Jul 23 15:44:03 UTC 2015
nodename: VM_0_12_centos
machine: x86_64
clock source: unix
pcre jit disabled
detected number of CPU cores: 1
current working directory: /root/tjbaoan
detected binary path: /usr/local/bin/uwsgi
uWSGI running as root, you can use --uid/--gid/--chroot options
*** WARNING: you are running uWSGI as root !!! (use the --uid flag) *** 
chdir() to /root/tjbaoan
*** WARNING: you are running uWSGI without its master process manager ***
your processes number limit is 3871
your memory page size is 4096 bytes
detected max file descriptor number: 100001
lock engine: pthread robust mutexes
thunder lock: disabled (you can enable it with --thunder-lock)
uwsgi socket 0 bound to TCP address 127.0.0.1:8000 fd 3
Python version: 3.6.3 (default, Nov 28 2017, 15:05:01)  [GCC 4.4.7 20120313 (Red Hat 4.4.7-18)]
*** Python threads support is disabled. You can enable it with --enable-threads ***
Python main interpreter initialized at 0x2135040
your server socket listen backlog is limited to 100 connections
your mercy for graceful operations on workers is 60 seconds
mapped 291072 bytes (284 KB) for 4 cores
*** Operational MODE: preforking ***
WSGI app 0 (mountpoint='') ready in 0 seconds on interpreter 0x2135040 pid: 10128 (default app)
*** uWSGI is running in multiple interpreter mode ***
spawned uWSGI worker 1 (pid: 10128, cores: 1)
spawned uWSGI worker 2 (pid: 10130, cores: 1)
spawned uWSGI worker 3 (pid: 10131, cores: 1)
spawned uWSGI worker 4 (pid: 10132, cores: 1)
*** Starting uWSGI 2.0.15 (64bit) on [Thu Nov 30 23:56:30 2017] ***
compiled with version: 4.4.7 20120313 (Red Hat 4.4.7-18) on 30 November 2017 22:06:18
os: Linux-2.6.32-573.el6.x86_64 #1 SMP Thu Jul 23 15:44:03 UTC 2015
nodename: VM_0_12_centos
machine: x86_64
clock source: unix
pcre jit disabled
detected number of CPU cores: 1
current working directory: /root/tjbaoan
detected binary path: /usr/local/bin/uwsgi
uWSGI running as root, you can use --uid/--gid/--chroot options
*** WARNING: you are running uWSGI as root !!! (use the --uid flag) *** 
chdir() to /root/tjbaoan
*** WARNING: you are running uWSGI without its master process manager ***
your processes number limit is 3871
your memory page size is 4096 bytes
detected max file descriptor number: 100001
lock engine: pthread robust mutexes
thunder lock: disabled (you can enable it with --thunder-lock)
uwsgi socket 0 bound to TCP address 127.0.0.1:8000 fd 3
Python version: 3.6.3 (default, Nov 28 2017, 15:05:01)  [GCC 4.4.7 20120313 (Red Hat 4.4.7-18)]
*** Python threads support is disabled. You can enable it with --enable-threads ***
Python main interpreter initialized at 0x10e6040
your server socket listen backlog is limited to 100 connections
your mercy for graceful operations on workers is 60 seconds
mapped 291072 bytes (284 KB) for 4 cores
*** Operational MODE: preforking ***
WSGI app 0 (mountpoint='') ready in 0 seconds on interpreter 0x10e6040 pid: 11123 (default app)
*** uWSGI is running in multiple interpreter mode ***
spawned uWSGI worker 1 (pid: 11123, cores: 1)
spawned uWSGI worker 2 (pid: 11125, cores: 1)
spawned uWSGI worker 3 (pid: 11126, cores: 1)
spawned uWSGI worker 4 (pid: 11127, cores: 1)
[pid: 11125|app: 0|req: 1/1] 118.28.63.199 () {42 vars in 710 bytes} [Thu Nov 30 15:56:36 2017] GET /index/ => generated 9486 bytes in 30 msecs (HTTP/1.1 200) 3 headers in 110 bytes (1 switches on core 0)
[pid: 11125|app: 0|req: 2/2] 118.28.63.199 () {42 vars in 727 bytes} [Thu Nov 30 15:56:38 2017] GET /joinus => generated 15558 bytes in 4 msecs (HTTP/1.1 200) 3 headers in 111 bytes (1 switches on core 0)
*** Starting uWSGI 2.0.15 (64bit) on [Thu Nov 30 23:57:38 2017] ***
compiled with version: 4.4.7 20120313 (Red Hat 4.4.7-18) on 30 November 2017 22:06:18
os: Linux-2.6.32-573.el6.x86_64 #1 SMP Thu Jul 23 15:44:03 UTC 2015
nodename: VM_0_12_centos
machine: x86_64
clock source: unix
pcre jit disabled
detected number of CPU cores: 1
current working directory: /root/tjbaoan
detected binary path: /usr/local/bin/uwsgi
uWSGI running as root, you can use --uid/--gid/--chroot options
*** WARNING: you are running uWSGI as root !!! (use the --uid flag) *** 
chdir() to /root/tjbaoan
*** WARNING: you are running uWSGI without its master process manager ***
your processes number limit is 3871
your memory page size is 4096 bytes
detected max file descriptor number: 100001
lock engine: pthread robust mutexes
thunder lock: disabled (you can enable it with --thunder-lock)
uwsgi socket 0 bound to TCP address 127.0.0.1:8000 fd 3
Python version: 3.6.3 (default, Nov 28 2017, 15:05:01)  [GCC 4.4.7 20120313 (Red Hat 4.4.7-18)]
*** Python threads support is disabled. You can enable it with --enable-threads ***
Python main interpreter initialized at 0x1794000
your server socket listen backlog is limited to 100 connections
your mercy for graceful operations on workers is 60 seconds
mapped 291072 bytes (284 KB) for 4 cores
*** Operational MODE: preforking ***
WSGI app 0 (mountpoint='') ready in 0 seconds on interpreter 0x1794000 pid: 11285 (default app)
*** uWSGI is running in multiple interpreter mode ***
spawned uWSGI worker 1 (pid: 11285, cores: 1)
spawned uWSGI worker 2 (pid: 11291, cores: 1)
spawned uWSGI worker 3 (pid: 11292, cores: 1)
spawned uWSGI worker 4 (pid: 11293, cores: 1)
[pid: 11291|app: 0|req: 1/1] 118.28.63.199 () {44 vars in 758 bytes} [Thu Nov 30 15:57:44 2017] GET /joinus => generated 15558 bytes in 34 msecs (HTTP/1.1 200) 3 headers in 111 bytes (1 switches on core 0)
[pid: 11291|app: 0|req: 2/2] 118.28.63.199 () {42 vars in 727 bytes} [Thu Nov 30 15:57:47 2017] GET /index/ => generated 9486 bytes in 5 msecs (HTTP/1.1 200) 3 headers in 110 bytes (1 switches on core 0)
*** Starting uWSGI 2.0.15 (64bit) on [Fri Dec  1 00:33:37 2017] ***
compiled with version: 4.4.7 20120313 (Red Hat 4.4.7-18) on 30 November 2017 22:06:18
os: Linux-2.6.32-573.el6.x86_64 #1 SMP Thu Jul 23 15:44:03 UTC 2015
nodename: VM_0_12_centos
machine: x86_64
clock source: unix
pcre jit disabled
detected number of CPU cores: 1
current working directory: /root/tjbaoan
detected binary path: /usr/local/bin/uwsgi
uWSGI running as root, you can use --uid/--gid/--chroot options
*** WARNING: you are running uWSGI as root !!! (use the --uid flag) *** 
chdir() to /root/tjbaoan
*** WARNING: you are running uWSGI without its master process manager ***
your processes number limit is 3871
your memory page size is 4096 bytes
detected max file descriptor number: 100001
lock engine: pthread robust mutexes
thunder lock: disabled (you can enable it with --thunder-lock)
uwsgi socket 0 bound to TCP address 127.0.0.1:8000 fd 3
Python version: 3.6.3 (default, Nov 28 2017, 15:05:01)  [GCC 4.4.7 20120313 (Red Hat 4.4.7-18)]
*** Python threads support is disabled. You can enable it with --enable-threads ***
Python main interpreter initialized at 0x1ec6000
your server socket listen backlog is limited to 100 connections
your mercy for graceful operations on workers is 60 seconds
mapped 291072 bytes (284 KB) for 4 cores
*** Operational MODE: preforking ***
WSGI app 0 (mountpoint='') ready in 0 seconds on interpreter 0x1ec6000 pid: 13307 (default app)
*** uWSGI is running in multiple interpreter mode ***
spawned uWSGI worker 1 (pid: 13307, cores: 1)
spawned uWSGI worker 2 (pid: 13312, cores: 1)
spawned uWSGI worker 3 (pid: 13313, cores: 1)
spawned uWSGI worker 4 (pid: 13314, cores: 1)
[pid: 13312|app: 0|req: 1/1] 118.28.63.199 () {42 vars in 710 bytes} [Thu Nov 30 16:33:48 2017] GET /index/ => generated 9742 bytes in 26 msecs (HTTP/1.1 200) 3 headers in 110 bytes (1 switches on core 0)
[pid: 13314|app: 0|req: 1/2] 118.28.63.199 () {42 vars in 710 bytes} [Thu Nov 30 16:33:49 2017] GET /index/ => generated 9742 bytes in 24 msecs (HTTP/1.1 200) 3 headers in 110 bytes (1 switches on core 0)
[pid: 13312|app: 0|req: 2/3] 118.28.63.199 () {42 vars in 710 bytes} [Thu Nov 30 16:37:00 2017] GET /index/ => generated 9742 bytes in 4 msecs (HTTP/1.1 200) 3 headers in 110 bytes (1 switches on core 0)
*** Starting uWSGI 2.0.15 (64bit) on [Fri Dec  1 11:41:36 2017] ***
compiled with version: 4.4.7 20120313 (Red Hat 4.4.7-18) on 30 November 2017 22:06:18
os: Linux-2.6.32-573.el6.x86_64 #1 SMP Thu Jul 23 15:44:03 UTC 2015
nodename: VM_0_12_centos
machine: x86_64
clock source: unix
pcre jit disabled
detected number of CPU cores: 1
current working directory: /root/tjbaoan
detected binary path: /usr/local/bin/uwsgi
uWSGI running as root, you can use --uid/--gid/--chroot options
*** WARNING: you are running uWSGI as root !!! (use the --uid flag) *** 
chdir() to /root/tjbaoan
*** WARNING: you are running uWSGI without its master process manager ***
your processes number limit is 3871
your memory page size is 4096 bytes
detected max file descriptor number: 100001
lock engine: pthread robust mutexes
thunder lock: disabled (you can enable it with --thunder-lock)
uwsgi socket 0 bound to TCP address 127.0.0.1:8000 fd 3
Python version: 3.6.3 (default, Nov 28 2017, 15:05:01)  [GCC 4.4.7 20120313 (Red Hat 4.4.7-18)]
*** Python threads support is disabled. You can enable it with --enable-threads ***
Python main interpreter initialized at 0x13a6000
your server socket listen backlog is limited to 100 connections
your mercy for graceful operations on workers is 60 seconds
mapped 291072 bytes (284 KB) for 4 cores
*** Operational MODE: preforking ***
WSGI app 0 (mountpoint='') ready in 0 seconds on interpreter 0x13a6000 pid: 9038 (default app)
*** uWSGI is running in multiple interpreter mode ***
spawned uWSGI worker 1 (pid: 9038, cores: 1)
spawned uWSGI worker 2 (pid: 9044, cores: 1)
spawned uWSGI worker 3 (pid: 9045, cores: 1)
spawned uWSGI worker 4 (pid: 9046, cores: 1)
[pid: 9044|app: 0|req: 1/1] 117.61.138.217 () {44 vars in 759 bytes} [Fri Dec  1 03:41:44 2017] GET /index/ => generated 9572 bytes in 25 msecs (HTTP/1.1 200) 3 headers in 110 bytes (1 switches on core 0)
*** Starting uWSGI 2.0.15 (64bit) on [Sun Dec  3 21:35:40 2017] ***
compiled with version: 4.4.7 20120313 (Red Hat 4.4.7-18) on 30 November 2017 22:06:18
os: Linux-2.6.32-573.el6.x86_64 #1 SMP Thu Jul 23 15:44:03 UTC 2015
nodename: VM_0_12_centos
machine: x86_64
clock source: unix
pcre jit disabled
detected number of CPU cores: 1
current working directory: /root/tjbaoan
detected binary path: /usr/local/bin/uwsgi
uWSGI running as root, you can use --uid/--gid/--chroot options
*** WARNING: you are running uWSGI as root !!! (use the --uid flag) *** 
chdir() to /root/tjbaoan
*** WARNING: you are running uWSGI without its master process manager ***
your processes number limit is 3871
your memory page size is 4096 bytes
detected max file descriptor number: 100001
lock engine: pthread robust mutexes
thunder lock: disabled (you can enable it with --thunder-lock)
uwsgi socket 0 bound to TCP address 127.0.0.1:8000 fd 3
Python version: 3.6.3 (default, Nov 28 2017, 15:05:01)  [GCC 4.4.7 20120313 (Red Hat 4.4.7-18)]
*** Python threads support is disabled. You can enable it with --enable-threads ***
Python main interpreter initialized at 0x1c4a000
your server socket listen backlog is limited to 100 connections
your mercy for graceful operations on workers is 60 seconds
mapped 291072 bytes (284 KB) for 4 cores
*** Operational MODE: preforking ***
WSGI app 0 (mountpoint='') ready in 0 seconds on interpreter 0x1c4a000 pid: 23663 (default app)
*** uWSGI is running in multiple interpreter mode ***
spawned uWSGI worker 1 (pid: 23663, cores: 1)
spawned uWSGI worker 2 (pid: 23668, cores: 1)
spawned uWSGI worker 3 (pid: 23669, cores: 1)
spawned uWSGI worker 4 (pid: 23670, cores: 1)
[pid: 23663|app: 0|req: 1/1] 118.29.85.208 () {44 vars in 903 bytes} [Sun Dec  3 13:35:42 2017] GET /index/ => generated 9587 bytes in 31 msecs (HTTP/1.1 200) 3 headers in 110 bytes (1 switches on core 0)
[pid: 23668|app: 0|req: 1/2] 118.29.85.208 () {44 vars in 860 bytes} [Sun Dec  3 13:35:44 2017] GET /joinus => generated 15707 bytes in 37 msecs (HTTP/1.1 200) 3 headers in 111 bytes (1 switches on core 0)
[pid: 23668|app: 0|req: 2/3] 118.29.85.208 () {42 vars in 820 bytes} [Sun Dec  3 13:35:53 2017] GET /userfuncs/ => generated 4144 bytes in 17 msecs (HTTP/1.1 200) 4 headers in 124 bytes (1 switches on core 0)
page = 1
[pid: 23668|app: 0|req: 3/4] 118.29.85.208 () {44 vars in 862 bytes} [Sun Dec  3 13:35:55 2017] GET /info/ => generated 5998 bytes in 13 msecs (HTTP/1.1 200) 4 headers in 124 bytes (1 switches on core 0)
Not Found: /logout
[pid: 23668|app: 0|req: 4/5] 118.29.85.208 () {42 vars in 812 bytes} [Sun Dec  3 13:36:03 2017] GET /logout => generated 2922 bytes in 6 msecs (HTTP/1.1 404) 3 headers in 102 bytes (1 switches on core 0)
Not Found: /logout/
[pid: 23668|app: 0|req: 5/6] 118.29.85.208 () {42 vars in 814 bytes} [Sun Dec  3 13:36:11 2017] GET /logout/ => generated 2925 bytes in 4 msecs (HTTP/1.1 404) 3 headers in 102 bytes (1 switches on core 0)
page = 1
[pid: 23668|app: 0|req: 6/7] 118.29.85.208 () {46 vars in 893 bytes} [Sun Dec  3 13:36:15 2017] GET /info/ => generated 5998 bytes in 12 msecs (HTTP/1.1 200) 4 headers in 124 bytes (1 switches on core 0)
[pid: 23668|app: 0|req: 7/8] 118.29.85.208 () {44 vars in 859 bytes} [Sun Dec  3 13:36:16 2017] GET /index/ => generated 9587 bytes in 5 msecs (HTTP/1.1 200) 3 headers in 110 bytes (1 switches on core 0)
